<?xml version="1.0" encoding="UTF-8"?>
<!-- Generated by org.testng.reporters.JUnitReportReporter -->
<testsuite hostname="DESKTOP-1IL03V1" failures="0" tests="1" name="NewAccountTest" time="22.668" errors="0" timestamp="19 Jun 2019 03:06:37 GMT" skipped="0">
  <testcase classname="NewAccountTest" name="newAccountTest" time="22.668"/>
</testsuite> <!-- NewAccountTest -->
