<?xml version="1.0" encoding="UTF-8"?>
<!-- Generated by org.testng.reporters.JUnitReportReporter -->
<testsuite skipped="3" hostname="DESKTOP-1IL03V1" name="LeadsTest" tests="4" failures="0" timestamp="01 Jul 2019 19:00:46 GMT" time="29.203" errors="0">
  <testcase name="newsLeadTest" time="29.203" classname="LeadsTest"/>
  <testcase name="selectTodaysLeadTest" classname="LeadsTest">
    <skipped/>
  </testcase> <!-- selectTodaysLeadTest -->
  <testcase name="leadsTabLinkTest" classname="LeadsTest">
    <skipped/>
  </testcase> <!-- leadsTabLinkTest -->
  <testcase name="leadsDropdownTest" classname="LeadsTest">
    <skipped/>
  </testcase> <!-- leadsDropdownTest -->
</testsuite> <!-- LeadsTest -->
