<?xml version="1.0" encoding="UTF-8"?>
<!-- Generated by org.testng.reporters.JUnitReportReporter -->
<testsuite hostname="DESKTOP-1IL03V1" failures="0" tests="1" name="LogoutTest" time="14.201" errors="0" timestamp="19 Jun 2019 02:02:48 GMT" skipped="0">
  <testcase classname="LogoutTest" name="logoutTest" time="14.201"/>
</testsuite> <!-- LogoutTest -->
