<?xml version="1.0" encoding="UTF-8"?>
<!-- Generated by org.testng.reporters.JUnitReportReporter -->
<testsuite skipped="7" hostname="DESKTOP-1IL03V1" name="ContactsTest" tests="8" failures="0" timestamp="04 Jul 2019 04:56:27 GMT" time="31.073" errors="0">
  <testcase name="saveAndNewButtonTest" time="31.073" classname="ContactsTest"/>
  <testcase name="newContactTest" classname="ContactsTest">
    <skipped/>
  </testcase> <!-- newContactTest -->
  <testcase name="viewContactTest" classname="ContactsTest">
    <skipped/>
  </testcase> <!-- viewContactTest -->
  <testcase name="createNewViewTest" classname="ContactsTest">
    <skipped/>
  </testcase> <!-- createNewViewTest -->
  <testcase name="newViewCancelTest" classname="ContactsTest">
    <skipped/>
  </testcase> <!-- newViewCancelTest -->
  <testcase name="newViewErrorMsgTest" classname="ContactsTest">
    <skipped/>
  </testcase> <!-- newViewErrorMsgTest -->
  <testcase name="myContactsTest" classname="ContactsTest">
    <skipped/>
  </testcase> <!-- myContactsTest -->
  <testcase name="recentlyCreatedTest" classname="ContactsTest">
    <skipped/>
  </testcase> <!-- recentlyCreatedTest -->
</testsuite> <!-- ContactsTest -->
