<?xml version="1.0" encoding="UTF-8"?>
<!-- Generated by org.testng.reporters.JUnitReportReporter -->
<testsuite skipped="3" hostname="DESKTOP-1IL03V1" name="OpportunitiesTest" tests="4" failures="0" timestamp="01 Jul 2019 05:28:52 GMT" time="21.901" errors="0">
  <testcase name="quarterSummaryTest" time="21.901" classname="OpportunitiesTest"/>
  <testcase name="opportunityPipelineTest" classname="OpportunitiesTest">
    <skipped/>
  </testcase> <!-- opportunityPipelineTest -->
  <testcase name="newOpportunityTest" classname="OpportunitiesTest">
    <skipped/>
  </testcase> <!-- newOpportunityTest -->
  <testcase name="opportunityStuckTest" classname="OpportunitiesTest">
    <skipped/>
  </testcase> <!-- opportunityStuckTest -->
</testsuite> <!-- OpportunitiesTest -->
