<?xml version="1.0" encoding="UTF-8"?>
<!-- Generated by org.testng.reporters.JUnitReportReporter -->
<testsuite hostname="DESKTOP-1IL03V1" failures="0" tests="2" name="EditViewNameTeset" time="16.373" errors="0" timestamp="19 Jun 2019 22:27:08 GMT" skipped="1">
  <testcase classname="EditViewNameTeset" name="mergeAccountTest" time="16.373"/>
  <testcase classname="EditViewNameTeset" name="editViewName">
    <skipped/>
  </testcase> <!-- editViewName -->
</testsuite> <!-- EditViewNameTeset -->
