<?xml version="1.0" encoding="UTF-8"?>
<!-- Generated by org.testng.reporters.JUnitReportReporter -->
<testsuite hostname="DESKTOP-1IL03V1" failures="0" tests="1" name="UserMenu_MySettingTest" time="22.755" errors="0" timestamp="19 Jun 2019 01:56:00 GMT" skipped="0">
  <testcase classname="UserMenu_MySettingTest" name="loginHistoryTest" time="22.755"/>
</testsuite> <!-- UserMenu_MySettingTest -->
