<?xml version="1.0" encoding="UTF-8"?>
<!-- Generated by org.testng.reporters.JUnitReportReporter -->
<testsuite hostname="DESKTOP-1IL03V1" failures="0" tests="1" name="Acc_CreateNewViewTest" time="21.521" errors="0" timestamp="19 Jun 2019 03:17:55 GMT" skipped="0">
  <testcase classname="Acc_CreateNewViewTest" name="createNewViewTest" time="21.521"/>
</testsuite> <!-- Acc_CreateNewViewTest -->
