<?xml version="1.0" encoding="UTF-8"?>
<!-- Generated by org.testng.reporters.JUnitReportReporter -->
<testsuite hostname="DESKTOP-1IL03V1" failures="0" tests="1" name="DevConsoleTest" time="18.629" errors="0" timestamp="19 Jun 2019 01:57:03 GMT" skipped="0">
  <testcase classname="DevConsoleTest" name="devConsoleTest" time="18.629"/>
</testsuite> <!-- DevConsoleTest -->
